<?xml version="1.0" encoding="UTF-8"?>
<xenc:EncryptedData xmlns:xenc="http://www.w3.org/2001/04/xmlenc#" Type="http://www.w3.org/2001/04/xmlenc#Element"><xenc:EncryptionMethod Algorithm="http://www.w3.org/2001/04/xmlenc#aes256-cbc"/><dsig:KeyInfo xmlns:dsig="http://www.w3.org/2000/09/xmldsig#"><xenc:EncryptedKey><xenc:EncryptionMethod Algorithm="http://www.w3.org/2001/04/xmlenc#rsa-oaep-mgf1p"/><xenc:CipherData><xenc:CipherValue>jtak272sT6jdLE7ooadPvgY92kTDwcPip1AgOCdEYMa2Ts7qq9zvBLZNNWuOFKJNAgfFa6NJufLo/c1bqVBlrq3c1cizF/JeKsDD2F4qAhfQfL5Fqq9LZIOJoHxGKo9LaKBANQEpeMDD1OyELYHq8blPr3CymIpaAxJTzGJiv9Q=</xenc:CipherValue></xenc:CipherData></xenc:EncryptedKey></dsig:KeyInfo>
   <xenc:CipherData>
      <xenc:CipherValue>c8YXdh1RzrJLaIRK2omNxoTyBGi6kaOz2gGAwJpIPoYSK0vJ5BnhndjSDqvyLKpalNpm9iTMSnh7lY+iy9ekndPU9kAmXQ/9ymlN5gIXPCZTh7WUOL48zYn0k3MHGgaF</xenc:CipherValue>
   </xenc:CipherData>
</xenc:EncryptedData>
