<?xml version="1.0" encoding="UTF-8"?>
<xenc:EncryptedData xmlns:xenc="http://www.w3.org/2001/04/xmlenc#" Type="http://www.w3.org/2001/04/xmlenc#Element"><xenc:EncryptionMethod Algorithm="http://www.w3.org/2001/04/xmlenc#aes256-cbc"/><dsig:KeyInfo xmlns:dsig="http://www.w3.org/2000/09/xmldsig#"><xenc:EncryptedKey><xenc:EncryptionMethod Algorithm="http://www.w3.org/2001/04/xmlenc#rsa-oaep-mgf1p"/><xenc:CipherData><xenc:CipherValue>bGaxkwgJd7tPibJ3v8LADDtP74pmdx4TRpOtJLpTO5uFv3t4JALnldInxZXcFJnGq6LPHiGlcIZlN/tWtNqFBBsMsABvbgIv2DX7qFd88Gk/coSA3Qo8ad67gXoKBZUSPZNJlm6QGYQ46fx93wyhVDWMLAwy7nt35IGIfVHpK88=</xenc:CipherValue></xenc:CipherData></xenc:EncryptedKey></dsig:KeyInfo>
   <xenc:CipherData>
      <xenc:CipherValue>KRLHvnPM/Ebfd4WhjGh0yESdrkdZ4Pgin1Jb0+b/04ZeIz8EVmb3DBo0WFzY9KMPkzJf4aTC4nAY6x22/BdS9n70yZ9v+7x0+AL7LMQccVwbPHIaWHLuVV9ZpLt2FyO0</xenc:CipherValue>
   </xenc:CipherData>
</xenc:EncryptedData>
