<?xml version="1.0" encoding="UTF-8"?>
<Root>
	<Child>
    Hello, World!
  </Child></Root>
