<?xml version="1.0" encoding="UTF-8"?>
<xenc:EncryptedData xmlns:xenc="http://www.w3.org/2001/04/xmlenc#" Type="http://www.w3.org/2001/04/xmlenc#Element"><xenc:EncryptionMethod Algorithm="http://www.w3.org/2001/04/xmlenc#aes256-cbc"/><dsig:KeyInfo xmlns:dsig="http://www.w3.org/2000/09/xmldsig#"><xenc:EncryptedKey><xenc:EncryptionMethod Algorithm="http://www.w3.org/2001/04/xmlenc#aes128-cbc"/><xenc:CipherData><xenc:CipherValue>vuNPiez77Ieac8wYRamDE1HAvNsolYR7Z4YZR5BxhLABVB4kDd21CIf6hra+Hn1ZU5XdSekyMvNKJ2fYnhpRQlsW6YdjDQd5fhW8eDLUI/A=</xenc:CipherValue></xenc:CipherData></xenc:EncryptedKey></dsig:KeyInfo>
   <xenc:CipherData>
      <xenc:CipherValue>kLsujY7pdwuZs9GORCKPyAFgoIDF2GK6RfwnaIgUebZINu9pLAozDkjrY8m3X/PO+H1jzqFfjvRoys7W8Hh8sfwgbpER+vljQIJnlJArgcbc8E7dhqjTxrsI0ASdbuAp</xenc:CipherValue>
   </xenc:CipherData>
</xenc:EncryptedData>
