<?xml version="1.0" encoding="UTF-8"?>
<Root>
	<xenc:EncryptedData xmlns:xenc="http://www.w3.org/2001/04/xmlenc#" Type="http://www.w3.org/2001/04/xmlenc#Content"><xenc:EncryptionMethod Algorithm="http://www.w3.org/2001/04/xmlenc#aes256-cbc"/><dsig:KeyInfo xmlns:dsig="http://www.w3.org/2000/09/xmldsig#"><xenc:EncryptedKey><xenc:EncryptionMethod Algorithm="http://www.w3.org/2001/04/xmlenc#rsa-oaep-mgf1p"/><xenc:CipherData><xenc:CipherValue>KZF5rPPn4Hzo6fUYJeHBRVf609oCkxzy3vVipTvJjv89xPjP7o4MxGuYxoLXgi+Mjh71PMSzl2RAwY/41WJ0nQSonNlj1G5IH/sDWgmo/DI2dZU+OzntIr++4e4wHaoF1SALbSj8NwjuNm428HJizHVU540+49E05qmLChGguw8=</xenc:CipherValue></xenc:CipherData></xenc:EncryptedKey></dsig:KeyInfo>
   <xenc:CipherData>
      <xenc:CipherValue>Y6iRLZlQDkBoezHgiOtkCP/M4cigKsrkHHo1x6CS0FjFvMlorYxZNlkO9hQFJJFcw4ek48rz/Rxe5Kan5X/ImNeEQCS9hiavkONLC+s7lIg=</xenc:CipherValue>
   </xenc:CipherData>
</xenc:EncryptedData></Root>
