<?xml version="1.0" encoding="UTF-8"?>
<xenc:EncryptedData xmlns:xenc="http://www.w3.org/2001/04/xmlenc#" Type="http://www.w3.org/2001/04/xmlenc#Element"><xenc:EncryptionMethod Algorithm="http://www.w3.org/2001/04/xmlenc#aes256-cbc"/><dsig:KeyInfo xmlns:dsig="http://www.w3.org/2000/09/xmldsig#"><xenc:EncryptedKey><xenc:EncryptionMethod Algorithm="http://www.w3.org/2001/04/xmlenc#aes128-cbc"/><xenc:CipherData><xenc:CipherValue>y++YLInrJbeZbXNxpwqr/MKNl8/EMVj/Ik1WJHkhLhl7H651hFKwcWmvaezoUh723ITFk3eHstBs1R6tXG+FARgV2TOXyGXbGBvsyz76mgE=</xenc:CipherValue></xenc:CipherData></xenc:EncryptedKey></dsig:KeyInfo>
   <xenc:CipherData>
      <xenc:CipherValue>GCPokLXrL58znNWFHP83+I/njOsQHZI/Sxd3GDojhvTTkBbkXxh3uT+jAgHe+5IrFCO91T2l4bC0ekFnwOYlPUELA8Twx8PKsOstde6WTfWf9e+ec14lxMTZ4yTPV753</xenc:CipherValue>
   </xenc:CipherData>
</xenc:EncryptedData>
