<ds:Signature xmlns:ds="http://www.w3.org/2000/09/xmldsig#">
  <ds:SignedInfo><ds:CanonicalizationMethod Algorithm="http://www.w3.org/2001/10/xml-exc-c14n#"/>
    <ds:SignatureMethod Algorithm="http://www.w3.org/2000/09/xmldsig#rsa-sha1"/>
  <ds:Reference URI="#pfx6567E385-21E4-4152-AC43-8AFDE6C7557E"><ds:DigestMethod Algorithm="http://www.w3.org/2000/09/xmldsig#sha1"/><ds:DigestValue>6t19Rcu195SM77ZgBb7DSmrrQ2U=</ds:DigestValue></ds:Reference></ds:SignedInfo><ds:SignatureValue>EKNjVPenZDGi03AwKhampt8p1MFkrpRw3L+GgHY4CUi4/KggvQo8ieB9pQEeH6YcK2zYZvM4pMWD9u4CohEy+UcK0RrJS3p9ee+mjEe6F01oAtsp0lloM3Rv6BGsBClXJKl8EQgSEUl8n+5n1ILS+WuhKdyAKdk3mVTNqv7zduY=</ds:SignatureValue>
<ds:KeyInfo><ds:X509Data><ds:X509Certificate>MIICsDCCAhmgAwIBAgIBADANBgkqhkiG9w0BAQUFADB1MQswCQYDVQQGEwJwdDEQMA4GA1UECAwHQ29pbWJyYTERMA8GA1UECgwIQm9va01BUkMxDjAMBgNVBAMMBUFsaWNlMRAwDgYDVQQHDAdDb2ltYnJhMR8wHQYJKoZIhvcNAQkBFhBpbmZvQGJvb2ttYXJjLnB0MB4XDTE4MTEwODIwMTkxMFoXDTE5MTEwODIwMTkxMFowdTELMAkGA1UEBhMCcHQxEDAOBgNVBAgMB0NvaW1icmExETAPBgNVBAoMCEJvb2tNQVJDMQ4wDAYDVQQDDAVBbGljZTEQMA4GA1UEBwwHQ29pbWJyYTEfMB0GCSqGSIb3DQEJARYQaW5mb0Bib29rbWFyYy5wdDCBnzANBgkqhkiG9w0BAQEFAAOBjQAwgYkCgYEArsMPC16kXgn7oM4mSXDrC3Dl2AICrU+nkKUAfpvMelOppX8mUSKhznfRraBgHDNXWGcuq4Z39FkI+0yrlym3Eh/XKS+UEltyF7ZbutOcB4vmhFWWPI9YIvQFat1rS+j12WT8N7fxqwirUIKcDL9NifoA7+2A1eaSw2KEaCyu32MCAwEAAaNQME4wHQYDVR0OBBYEFPIrWkpTslBO2e3RsCaVSockXisKMB8GA1UdIwQYMBaAFPIrWkpTslBO2e3RsCaVSockXisKMAwGA1UdEwQFMAMBAf8wDQYJKoZIhvcNAQEFBQADgYEALupC03pgZ4cPzwFvIeCmyMiIWi5S/DmxjAm0CMLmp5c6ss5cR7IA+q0yhPyrV/Awsmhj32t9YJlmUzxI6aAGFWLjWEDrjh1bctt2vJjhHO3Nu0aYKVQ30pSUBvfg251sOSkok3rJzLGASCf1MKGe1ud02f8SzUIDF4rStMThR5w=</ds:X509Certificate></ds:X509Data></ds:KeyInfo><ds:Object Id="pfx6567E385-21E4-4152-AC43-8AFDE6C7557E">An arbitrary text that is going to be signed.
The XML signature will envelope the text
(under an Object element).</ds:Object></ds:Signature>