<?xml version="1.0" encoding="UTF-8"?>
<xenc:EncryptedData xmlns:xenc="http://www.w3.org/2001/04/xmlenc#" Type="http://www.w3.org/2001/04/xmlenc#Element"><xenc:EncryptionMethod Algorithm="http://www.w3.org/2001/04/xmlenc#aes256-cbc"/><dsig:KeyInfo xmlns:dsig="http://www.w3.org/2000/09/xmldsig#"><xenc:EncryptedKey><xenc:EncryptionMethod Algorithm="http://www.w3.org/2001/04/xmlenc#rsa-oaep-mgf1p"/><xenc:CipherData><xenc:CipherValue>oVfBfE58ZZCQCryzuk4t5fQjdX22HpT4kE2U5x35Nc+SeaGwdT18NOESDVAa0F6msCIfbBZqCj1FmFVXwOIWUkgwkTU15EK8wS7jkrE8tPEajRdFVD+LnOJqIlz+N9VKnYR53aqTP9pwUtOKF88wyAIL4jdF3xo3YC9iq0WBxkc=</xenc:CipherValue></xenc:CipherData></xenc:EncryptedKey></dsig:KeyInfo>
   <xenc:CipherData>
      <xenc:CipherValue>afen7LBmWvKj93HaApueriOhSuc/jiCBObDuQbgk6qbQKhNo0VNHCSblIfLmWXNplZ/rZE+Ar2A2fVhcgJnk5b46oXy6ZBImsYztr7PnR6C0NeBc/i6q8jsL3KbOJXs8</xenc:CipherValue>
   </xenc:CipherData>
</xenc:EncryptedData>
