<?xml version="1.0" encoding="UTF-8"?>
<xenc:EncryptedData xmlns:xenc="http://www.w3.org/2001/04/xmlenc#" Type="http://www.w3.org/2001/04/xmlenc#Element"><xenc:EncryptionMethod Algorithm="http://www.w3.org/2001/04/xmlenc#aes256-cbc"/><dsig:KeyInfo xmlns:dsig="http://www.w3.org/2000/09/xmldsig#"><xenc:EncryptedKey><xenc:EncryptionMethod Algorithm="http://www.w3.org/2001/04/xmlenc#aes128-cbc"/><xenc:CipherData><xenc:CipherValue>ZSK5W0EdExWXyciM69dIX7XP8I6H2kPzvUkdAnT3+pRyM2vEMviOzpk8LxDRyMSe5u9qpFV2Qy3FWSXa4bIt6DrMDBk1eHSEwINY8SkBLNY=</xenc:CipherValue></xenc:CipherData></xenc:EncryptedKey></dsig:KeyInfo>
   <xenc:CipherData>
      <xenc:CipherValue>86nyUeb23ezKvDp0twj5UculjYVwMi5zC8zX4+W9UnozQoeU5//qfRjwNy9jKSdpoCH2tcVaSOY63k7pl85e6tPaIfFhaGsm15K2ykr7Ef04yOPnLfr+UauAuH3mUv9/</xenc:CipherValue>
   </xenc:CipherData>
</xenc:EncryptedData>
