<?xml version="1.0" encoding="UTF-8"?>
<Root>
	<Child><xenc:EncryptedData xmlns:xenc="http://www.w3.org/2001/04/xmlenc#" Type="http://www.w3.org/2001/04/xmlenc#Content"><xenc:EncryptionMethod Algorithm="http://www.w3.org/2001/04/xmlenc#aes256-cbc"/><dsig:KeyInfo xmlns:dsig="http://www.w3.org/2000/09/xmldsig#"><xenc:EncryptedKey><xenc:EncryptionMethod Algorithm="http://www.w3.org/2001/04/xmlenc#rsa-oaep-mgf1p"/><xenc:CipherData><xenc:CipherValue>MFfFqUB6fxCF2mF+6hCxenmeY9xHhXPpSfZhOXkttrZyZg9b9xDMYpvDCjrkyxLIUcIXFbmf/0HPuM2uufGWWVc7pgHQ94bGUhjfg+aW/TY2miZPmFy7Gefr5PgsGLVlUc9TXfgF3ZJWDxdaV1jGe8ALwyJXkCP59/5nyVTdQrY=</xenc:CipherValue></xenc:CipherData></xenc:EncryptedKey></dsig:KeyInfo>
   <xenc:CipherData>
      <xenc:CipherValue>RuHYuMcNY0GlNmkQ6oT6zYKPtvG4h563Y89+bVBupTZsWK3m+wdYgblL/ROi4inzDhnidtNjVMzbrdReK3pGWA==</xenc:CipherValue>
   </xenc:CipherData>
</xenc:EncryptedData></Child>
</Root>
